#
# There is insufficient memory for the Java Runtime Environment to continue.
# Native memory allocation (malloc) failed to allocate 997856 bytes for Chunk::new
# Possible reasons:
#   The system is out of physical RAM or swap space
#   The process is running with CompressedOops enabled, and the Java Heap may be blocking the growth of the native heap
# Possible solutions:
#   Reduce memory load on the system
#   Increase physical memory or swap space
#   Check if swap backing store is full
#   Decrease Java heap size (-Xmx/-Xms)
#   Decrease number of Java threads
#   Decrease Java thread stack sizes (-Xss)
#   Set larger code cache with -XX:ReservedCodeCacheSize=
#   JVM is running with Zero Based Compressed Oops mode in which the Java heap is
#     placed in the first 32GB address space. The Java Heap base address is the
#     maximum limit for the native heap growth. Please use -XX:HeapBaseMinAddress
#     to set the Java Heap base and to place the Java Heap above 32GB virtual address.
# This output file may be truncated or incomplete.
#
#  Out of Memory Error (arena.cpp:189), pid=14876, tid=16820
#
# JRE version: Java(TM) SE Runtime Environment (17.0.10+11) (build 17.0.10+11-LTS-240)
# Java VM: Java HotSpot(TM) 64-Bit Server VM (17.0.10+11-LTS-240, mixed mode, sharing, tiered, compressed oops, compressed class ptrs, g1 gc, windows-amd64)
# No core dump will be written. Minidumps are not enabled by default on client versions of Windows
#

---------------  S U M M A R Y ------------

Command Line: -Dfile.encoding=UTF-8 -Duser.country=KR -Duser.language=ko -Duser.variant com.acorn.restapiSample.RestapiSampleApplication

Host: 11th Gen Intel(R) Core(TM) i7-1165G7 @ 2.80GHz, 8 cores, 15G,  Windows 10 , 64 bit Build 19041 (10.0.19041.4957)
Time: Tue Nov 12 21:34:31 2024  Windows 10 , 64 bit Build 19041 (10.0.19041.4957) elapsed time: 16.762061 seconds (0d 0h 0m 16s)

---------------  T H R E A D  ---------------

Current thread (0x0000020d560443c0):  JavaThread "C2 CompilerThread0" daemon [_thread_in_native, id=16820, stack(0x0000008626400000,0x0000008626500000)]


Current CompileTask:
C2:  16762 3900       4       org.springframework.core.ResolvableType::hasGenerics (14 bytes)

Stack: [0x0000008626400000,0x0000008626500000]
Native frames: (J=compiled Java code, j=interpreted, Vv=VM code, C=native code)
V  [jvm.dll+0x677a5a]
V  [jvm.dll+0x7d8b2d]
V  [jvm.dll+0x7da48e]
V  [jvm.dll+0x7daaf3]
V  [jvm.dll+0x2455ff]
V  [jvm.dll+0xaaafb]
V  [jvm.dll+0xab09c]
V  [jvm.dll+0x2aafef]
V  [jvm.dll+0x57fd55]
V  [jvm.dll+0x220472]
V  [jvm.dll+0x21954d]
V  [jvm.dll+0x216c79]
V  [jvm.dll+0x1a3410]
V  [jvm.dll+0x226aeb]
V  [jvm.dll+0x224cab]
V  [jvm.dll+0x78e45c]
V  [jvm.dll+0x78888a]
V  [jvm.dll+0x676935]
C  [ucrtbase.dll+0x21bb2]
C  [KERNEL32.DLL+0x17374]
C  [ntdll.dll+0x4cc91]


---------------  P R O C E S S  ---------------

Threads class SMR info:
_java_thread_list=0x0000020d5cde2490, length=31, elements={
0x0000020d56011b90, 0x0000020d56012550, 0x0000020d5602b910, 0x0000020d5602c2d0,
0x0000020d5602cc90, 0x0000020d5602e390, 0x0000020d560443c0, 0x0000020d56038f60,
0x0000020d5604d1a0, 0x0000020d5616ea10, 0x0000020d561750c0, 0x0000020d5bfbdea0,
0x0000020d5bfbbb30, 0x0000020d5bfbd990, 0x0000020d5bfbcf70, 0x0000020d5bfbedd0,
0x0000020d5bfbc040, 0x0000020d5bfbd480, 0x0000020d5bfbc550, 0x0000020d5bfbe8c0,
0x0000020d5db827e0, 0x0000020d5db82cf0, 0x0000020d5db83200, 0x0000020d5db83710,
0x0000020d5db85a80, 0x0000020d5db85f90, 0x0000020d5db83c20, 0x0000020d5db84130,
0x0000020d5db84b50, 0x0000020d56249780, 0x0000020d5c7e0fd0
}

Java Threads: ( => current thread )
  0x0000020d56011b90 JavaThread "Reference Handler" daemon [_thread_blocked, id=3692, stack(0x0000008625e00000,0x0000008625f00000)]
  0x0000020d56012550 JavaThread "Finalizer" daemon [_thread_blocked, id=12456, stack(0x0000008625f00000,0x0000008626000000)]
  0x0000020d5602b910 JavaThread "Signal Dispatcher" daemon [_thread_blocked, id=15588, stack(0x0000008626000000,0x0000008626100000)]
  0x0000020d5602c2d0 JavaThread "Attach Listener" daemon [_thread_blocked, id=9052, stack(0x0000008626100000,0x0000008626200000)]
  0x0000020d5602cc90 JavaThread "Service Thread" daemon [_thread_blocked, id=13492, stack(0x0000008626200000,0x0000008626300000)]
  0x0000020d5602e390 JavaThread "Monitor Deflation Thread" daemon [_thread_blocked, id=14556, stack(0x0000008626300000,0x0000008626400000)]
=>0x0000020d560443c0 JavaThread "C2 CompilerThread0" daemon [_thread_in_native, id=16820, stack(0x0000008626400000,0x0000008626500000)]
  0x0000020d56038f60 JavaThread "C1 CompilerThread0" daemon [_thread_in_native, id=13856, stack(0x0000008626500000,0x0000008626600000)]
  0x0000020d5604d1a0 JavaThread "Sweeper thread" daemon [_thread_blocked, id=14980, stack(0x0000008626600000,0x0000008626700000)]
  0x0000020d5616ea10 JavaThread "Notification Thread" daemon [_thread_blocked, id=17140, stack(0x0000008626700000,0x0000008626800000)]
  0x0000020d561750c0 JavaThread "Common-Cleaner" daemon [_thread_blocked, id=17076, stack(0x0000008626900000,0x0000008626a00000)]
  0x0000020d5bfbdea0 JavaThread "Catalina-utility-1" [_thread_blocked, id=13588, stack(0x0000008627600000,0x0000008627700000)]
  0x0000020d5bfbbb30 JavaThread "Catalina-utility-2" [_thread_blocked, id=14620, stack(0x0000008627700000,0x0000008627800000)]
  0x0000020d5bfbd990 JavaThread "container-0" [_thread_blocked, id=8004, stack(0x0000008627800000,0x0000008627900000)]
  0x0000020d5bfbcf70 JavaThread "File Watcher" daemon [_thread_blocked, id=1412, stack(0x0000008627900000,0x0000008627a00000)]
  0x0000020d5bfbedd0 JavaThread "Live Reload Server" daemon [_thread_in_native, id=1744, stack(0x0000008627b00000,0x0000008627c00000)]
  0x0000020d5bfbc040 JavaThread "http-nio-8080-exec-1" daemon [_thread_in_native, id=12872, stack(0x0000008627a00000,0x0000008627b00000)]
  0x0000020d5bfbd480 JavaThread "http-nio-8080-exec-2" daemon [_thread_blocked, id=14992, stack(0x0000008627c00000,0x0000008627d00000)]
  0x0000020d5bfbc550 JavaThread "http-nio-8080-exec-3" daemon [_thread_blocked, id=12820, stack(0x0000008627d00000,0x0000008627e00000)]
  0x0000020d5bfbe8c0 JavaThread "http-nio-8080-exec-4" daemon [_thread_blocked, id=13136, stack(0x0000008627e00000,0x0000008627f00000)]
  0x0000020d5db827e0 JavaThread "http-nio-8080-exec-5" daemon [_thread_blocked, id=13132, stack(0x0000008627f00000,0x0000008628000000)]
  0x0000020d5db82cf0 JavaThread "http-nio-8080-exec-6" daemon [_thread_blocked, id=10288, stack(0x0000008628000000,0x0000008628100000)]
  0x0000020d5db83200 JavaThread "http-nio-8080-exec-7" daemon [_thread_blocked, id=9592, stack(0x0000008628100000,0x0000008628200000)]
  0x0000020d5db83710 JavaThread "http-nio-8080-exec-8" daemon [_thread_blocked, id=10068, stack(0x0000008628200000,0x0000008628300000)]
  0x0000020d5db85a80 JavaThread "http-nio-8080-exec-9" daemon [_thread_blocked, id=1504, stack(0x0000008628300000,0x0000008628400000)]
  0x0000020d5db85f90 JavaThread "http-nio-8080-exec-10" daemon [_thread_blocked, id=2284, stack(0x0000008628400000,0x0000008628500000)]
  0x0000020d5db83c20 JavaThread "http-nio-8080-Poller" daemon [_thread_in_native, id=9768, stack(0x0000008628500000,0x0000008628600000)]
  0x0000020d5db84130 JavaThread "http-nio-8080-Acceptor" daemon [_thread_in_native, id=4420, stack(0x0000008628600000,0x0000008628700000)]
  0x0000020d5db84b50 JavaThread "DestroyJavaVM" [_thread_blocked, id=1992, stack(0x0000008625700000,0x0000008625800000)]
  0x0000020d56249780 JavaThread "C2 CompilerThread1" daemon [_thread_in_native, id=16392, stack(0x0000008626a00000,0x0000008626b00000)]
  0x0000020d5c7e0fd0 JavaThread "C2 CompilerThread2" daemon [_thread_in_native, id=3644, stack(0x0000008626b00000,0x0000008626c00000)]

Other Threads:
  0x0000020d5600c4f0 VMThread "VM Thread" [stack: 0x0000008625d00000,0x0000008625e00000] [id=680]
  0x0000020d7181abe0 WatcherThread [stack: 0x0000008626800000,0x0000008626900000] [id=4048]
  0x0000020d71802fd0 GCTaskThread "GC Thread#0" [stack: 0x0000008625800000,0x0000008625900000] [id=5656]
  0x0000020d569f9d10 GCTaskThread "GC Thread#1" [stack: 0x0000008626d00000,0x0000008626e00000] [id=11096]
  0x0000020d569fe000 GCTaskThread "GC Thread#2" [stack: 0x0000008626e00000,0x0000008626f00000] [id=6456]
  0x0000020d569fe2c0 GCTaskThread "GC Thread#3" [stack: 0x0000008626f00000,0x0000008627000000] [id=14644]
  0x0000020d569fe580 GCTaskThread "GC Thread#4" [stack: 0x0000008627000000,0x0000008627100000] [id=2812]
  0x0000020d569fe840 GCTaskThread "GC Thread#5" [stack: 0x0000008627100000,0x0000008627200000] [id=6096]
  0x0000020d56b479b0 GCTaskThread "GC Thread#6" [stack: 0x0000008627300000,0x0000008627400000] [id=8828]
  0x0000020d56be14e0 GCTaskThread "GC Thread#7" [stack: 0x0000008627400000,0x0000008627500000] [id=12692]
  0x0000020d71813bc0 ConcurrentGCThread "G1 Main Marker" [stack: 0x0000008625900000,0x0000008625a00000] [id=13660]
  0x0000020d718144d0 ConcurrentGCThread "G1 Conc#0" [stack: 0x0000008625a00000,0x0000008625b00000] [id=1828]
  0x0000020d5c2173f0 ConcurrentGCThread "G1 Conc#1" [stack: 0x0000008627200000,0x0000008627300000] [id=7324]
  0x0000020d7f1a87f0 ConcurrentGCThread "G1 Refine#0" [stack: 0x0000008625b00000,0x0000008625c00000] [id=17092]
  0x0000020d7f1a8ed0 ConcurrentGCThread "G1 Service" [stack: 0x0000008625c00000,0x0000008625d00000] [id=10152]

Threads with active compile tasks:
C2 CompilerThread0    16792 3900       4       org.springframework.core.ResolvableType::hasGenerics (14 bytes)
C1 CompilerThread0    16792 4016       3       org.thymeleaf.engine.AttributeDefinitions::buildHTMLAttributeDefinition (251 bytes)
C2 CompilerThread1    16792 3980       4       sun.util.locale.LocaleUtils::toLowerString (95 bytes)
C2 CompilerThread2    16792 4015       4       java.lang.String$CaseInsensitiveComparator::compare (68 bytes)

VM state: not at safepoint (normal execution)

VM Mutex/Monitor currently owned by a thread: None

Heap address: 0x0000000703200000, size: 4046 MB, Compressed Oops mode: Zero based, Oop shift amount: 3

CDS archive(s) mapped at: [0x0000020d15000000-0x0000020d15bd0000-0x0000020d15bd0000), size 12386304, SharedBaseAddress: 0x0000020d15000000, ArchiveRelocationMode: 1.
Compressed class space mapped at: 0x0000020d16000000-0x0000020d56000000, reserved size: 1073741824
Narrow klass base: 0x0000020d15000000, Narrow klass shift: 0, Narrow klass range: 0x100000000

GC Precious Log:
 CPUs: 8 total, 8 available
 Memory: 16183M
 Large Page Support: Disabled
 NUMA Support: Disabled
 Compressed Oops: Enabled (Zero based)
 Heap Region Size: 2M
 Heap Min Capacity: 8M
 Heap Initial Capacity: 254M
 Heap Max Capacity: 4046M
 Pre-touch: Disabled
 Parallel Workers: 8
 Concurrent Workers: 2
 Concurrent Refinement Workers: 8
 Periodic GC: Disabled

Heap:
 garbage-first heap   total 157696K, used 22893K [0x0000000703200000, 0x0000000800000000)
  region size 2048K, 7 young (14336K), 2 survivors (4096K)
 Metaspace       used 31249K, committed 31680K, reserved 1114112K
  class space    used 3972K, committed 4160K, reserved 1048576K

Heap Regions: E=young(eden), S=young(survivor), O=old, HS=humongous(starts), HC=humongous(continues), CS=collection set, F=free, OA=open archive, CA=closed archive, TAMS=top-at-mark-start (previous, next)
|   0|0x0000000703200000, 0x0000000703400000, 0x0000000703400000|100%| O|  |TAMS 0x0000000703400000, 0x0000000703200000| Untracked 
|   1|0x0000000703400000, 0x0000000703600000, 0x0000000703600000|100%| O|  |TAMS 0x0000000703600000, 0x0000000703400000| Untracked 
|   2|0x0000000703600000, 0x0000000703600000, 0x0000000703800000|  0%| F|  |TAMS 0x0000000703600000, 0x0000000703600000| Untracked 
|   3|0x0000000703800000, 0x0000000703a00000, 0x0000000703a00000|100%| O|  |TAMS 0x0000000703800000, 0x0000000703800000| Untracked 
|   4|0x0000000703a00000, 0x0000000703c00000, 0x0000000703c00000|100%| O|  |TAMS 0x0000000703a00000, 0x0000000703a00000| Untracked 
|   5|0x0000000703c00000, 0x0000000703e00000, 0x0000000703e00000|100%| O|  |TAMS 0x0000000703c00000, 0x0000000703c00000| Untracked 
|   6|0x0000000703e00000, 0x0000000704000000, 0x0000000704000000|100%| O|  |TAMS 0x0000000703e00000, 0x0000000703e00000| Untracked 
|   7|0x0000000704000000, 0x0000000704037200, 0x0000000704200000| 10%| O|  |TAMS 0x0000000704000000, 0x0000000704000000| Untracked 
|   8|0x0000000704200000, 0x0000000704200000, 0x0000000704400000|  0%| F|  |TAMS 0x0000000704200000, 0x0000000704200000| Untracked 
|   9|0x0000000704400000, 0x0000000704400000, 0x0000000704600000|  0%| F|  |TAMS 0x0000000704400000, 0x0000000704400000| Untracked 
|  10|0x0000000704600000, 0x0000000704600000, 0x0000000704800000|  0%| F|  |TAMS 0x0000000704600000, 0x0000000704600000| Untracked 
|  11|0x0000000704800000, 0x0000000704800000, 0x0000000704a00000|  0%| F|  |TAMS 0x0000000704800000, 0x0000000704800000| Untracked 
|  12|0x0000000704a00000, 0x0000000704a00000, 0x0000000704c00000|  0%| F|  |TAMS 0x0000000704a00000, 0x0000000704a00000| Untracked 
|  13|0x0000000704c00000, 0x0000000704c24270, 0x0000000704e00000|  7%| S|CS|TAMS 0x0000000704c00000, 0x0000000704c00000| Complete 
|  14|0x0000000704e00000, 0x0000000705000000, 0x0000000705000000|100%| S|CS|TAMS 0x0000000704e00000, 0x0000000704e00000| Complete 
|  15|0x0000000705000000, 0x0000000705000000, 0x0000000705200000|  0%| F|  |TAMS 0x0000000705000000, 0x0000000705000000| Untracked 
|  16|0x0000000705200000, 0x0000000705200000, 0x0000000705400000|  0%| F|  |TAMS 0x0000000705200000, 0x0000000705200000| Untracked 
|  17|0x0000000705400000, 0x0000000705400000, 0x0000000705600000|  0%| F|  |TAMS 0x0000000705400000, 0x0000000705400000| Untracked 
|  18|0x0000000705600000, 0x0000000705600000, 0x0000000705800000|  0%| F|  |TAMS 0x0000000705600000, 0x0000000705600000| Untracked 
|  19|0x0000000705800000, 0x0000000705800000, 0x0000000705a00000|  0%| F|  |TAMS 0x0000000705800000, 0x0000000705800000| Untracked 
|  20|0x0000000705a00000, 0x0000000705a00000, 0x0000000705c00000|  0%| F|  |TAMS 0x0000000705a00000, 0x0000000705a00000| Untracked 
|  21|0x0000000705c00000, 0x0000000705c00000, 0x0000000705e00000|  0%| F|  |TAMS 0x0000000705c00000, 0x0000000705c00000| Untracked 
|  22|0x0000000705e00000, 0x0000000705e00000, 0x0000000706000000|  0%| F|  |TAMS 0x0000000705e00000, 0x0000000705e00000| Untracked 
|  23|0x0000000706000000, 0x0000000706000000, 0x0000000706200000|  0%| F|  |TAMS 0x0000000706000000, 0x0000000706000000| Untracked 
|  24|0x0000000706200000, 0x0000000706200000, 0x0000000706400000|  0%| F|  |TAMS 0x0000000706200000, 0x0000000706200000| Untracked 
|  25|0x0000000706400000, 0x0000000706400000, 0x0000000706600000|  0%| F|  |TAMS 0x0000000706400000, 0x0000000706400000| Untracked 
|  26|0x0000000706600000, 0x0000000706600000, 0x0000000706800000|  0%| F|  |TAMS 0x0000000706600000, 0x0000000706600000| Untracked 
|  27|0x0000000706800000, 0x0000000706800000, 0x0000000706a00000|  0%| F|  |TAMS 0x0000000706800000, 0x0000000706800000| Untracked 
|  28|0x0000000706a00000, 0x0000000706a00000, 0x0000000706c00000|  0%| F|  |TAMS 0x0000000706a00000, 0x0000000706a00000| Untracked 
|  29|0x0000000706c00000, 0x0000000706c00000, 0x0000000706e00000|  0%| F|  |TAMS 0x0000000706c00000, 0x0000000706c00000| Untracked 
|  30|0x0000000706e00000, 0x0000000706e00000, 0x0000000707000000|  0%| F|  |TAMS 0x0000000706e00000, 0x0000000706e00000| Untracked 
|  31|0x0000000707000000, 0x0000000707000000, 0x0000000707200000|  0%| F|  |TAMS 0x0000000707000000, 0x0000000707000000| Untracked 
|  32|0x0000000707200000, 0x0000000707200000, 0x0000000707400000|  0%| F|  |TAMS 0x0000000707200000, 0x0000000707200000| Untracked 
|  33|0x0000000707400000, 0x0000000707400000, 0x0000000707600000|  0%| F|  |TAMS 0x0000000707400000, 0x0000000707400000| Untracked 
|  34|0x0000000707600000, 0x0000000707600000, 0x0000000707800000|  0%| F|  |TAMS 0x0000000707600000, 0x0000000707600000| Untracked 
|  35|0x0000000707800000, 0x0000000707800000, 0x0000000707a00000|  0%| F|  |TAMS 0x0000000707800000, 0x0000000707800000| Untracked 
|  36|0x0000000707a00000, 0x0000000707a00000, 0x0000000707c00000|  0%| F|  |TAMS 0x0000000707a00000, 0x0000000707a00000| Untracked 
|  37|0x0000000707c00000, 0x0000000707c00000, 0x0000000707e00000|  0%| F|  |TAMS 0x0000000707c00000, 0x0000000707c00000| Untracked 
|  38|0x0000000707e00000, 0x0000000707e00000, 0x0000000708000000|  0%| F|  |TAMS 0x0000000707e00000, 0x0000000707e00000| Untracked 
|  39|0x0000000708000000, 0x0000000708000000, 0x0000000708200000|  0%| F|  |TAMS 0x0000000708000000, 0x0000000708000000| Untracked 
|  40|0x0000000708200000, 0x0000000708200000, 0x0000000708400000|  0%| F|  |TAMS 0x0000000708200000, 0x0000000708200000| Untracked 
|  41|0x0000000708400000, 0x0000000708400000, 0x0000000708600000|  0%| F|  |TAMS 0x0000000708400000, 0x0000000708400000| Untracked 
|  42|0x0000000708600000, 0x0000000708600000, 0x0000000708800000|  0%| F|  |TAMS 0x0000000708600000, 0x0000000708600000| Untracked 
|  43|0x0000000708800000, 0x0000000708800000, 0x0000000708a00000|  0%| F|  |TAMS 0x0000000708800000, 0x0000000708800000| Untracked 
|  44|0x0000000708a00000, 0x0000000708a00000, 0x0000000708c00000|  0%| F|  |TAMS 0x0000000708a00000, 0x0000000708a00000| Untracked 
|  45|0x0000000708c00000, 0x0000000708c00000, 0x0000000708e00000|  0%| F|  |TAMS 0x0000000708c00000, 0x0000000708c00000| Untracked 
|  46|0x0000000708e00000, 0x0000000708e00000, 0x0000000709000000|  0%| F|  |TAMS 0x0000000708e00000, 0x0000000708e00000| Untracked 
|  47|0x0000000709000000, 0x0000000709000000, 0x0000000709200000|  0%| F|  |TAMS 0x0000000709000000, 0x0000000709000000| Untracked 
|  48|0x0000000709200000, 0x0000000709200000, 0x0000000709400000|  0%| F|  |TAMS 0x0000000709200000, 0x0000000709200000| Untracked 
|  49|0x0000000709400000, 0x0000000709400000, 0x0000000709600000|  0%| F|  |TAMS 0x0000000709400000, 0x0000000709400000| Untracked 
|  50|0x0000000709600000, 0x0000000709600000, 0x0000000709800000|  0%| F|  |TAMS 0x0000000709600000, 0x0000000709600000| Untracked 
|  51|0x0000000709800000, 0x0000000709800000, 0x0000000709a00000|  0%| F|  |TAMS 0x0000000709800000, 0x0000000709800000| Untracked 
|  52|0x0000000709a00000, 0x0000000709a00000, 0x0000000709c00000|  0%| F|  |TAMS 0x0000000709a00000, 0x0000000709a00000| Untracked 
|  53|0x0000000709c00000, 0x0000000709c00000, 0x0000000709e00000|  0%| F|  |TAMS 0x0000000709c00000, 0x0000000709c00000| Untracked 
|  54|0x0000000709e00000, 0x0000000709e00000, 0x000000070a000000|  0%| F|  |TAMS 0x0000000709e00000, 0x0000000709e00000| Untracked 
|  55|0x000000070a000000, 0x000000070a000000, 0x000000070a200000|  0%| F|  |TAMS 0x000000070a000000, 0x000000070a000000| Untracked 
|  56|0x000000070a200000, 0x000000070a200000, 0x000000070a400000|  0%| F|  |TAMS 0x000000070a200000, 0x000000070a200000| Untracked 
|  57|0x000000070a400000, 0x000000070a400000, 0x000000070a600000|  0%| F|  |TAMS 0x000000070a400000, 0x000000070a400000| Untracked 
|  58|0x000000070a600000, 0x000000070a600000, 0x000000070a800000|  0%| F|  |TAMS 0x000000070a600000, 0x000000070a600000| Untracked 
|  59|0x000000070a800000, 0x000000070a800000, 0x000000070aa00000|  0%| F|  |TAMS 0x000000070a800000, 0x000000070a800000| Untracked 
|  60|0x000000070aa00000, 0x000000070aa00000, 0x000000070ac00000|  0%| F|  |TAMS 0x000000070aa00000, 0x000000070aa00000| Untracked 
|  61|0x000000070ac00000, 0x000000070ac00000, 0x000000070ae00000|  0%| F|  |TAMS 0x000000070ac00000, 0x000000070ac00000| Untracked 
|  62|0x000000070ae00000, 0x000000070ae00000, 0x000000070b000000|  0%| F|  |TAMS 0x000000070ae00000, 0x000000070ae00000| Untracked 
|  63|0x000000070b000000, 0x000000070b000000, 0x000000070b200000|  0%| F|  |TAMS 0x000000070b000000, 0x000000070b000000| Untracked 
|  64|0x000000070b200000, 0x000000070b200000, 0x000000070b400000|  0%| F|  |TAMS 0x000000070b200000, 0x000000070b200000| Untracked 
|  65|0x000000070b400000, 0x000000070b400000, 0x000000070b600000|  0%| F|  |TAMS 0x000000070b400000, 0x000000070b400000| Untracked 
|  66|0x000000070b600000, 0x000000070b600000, 0x000000070b800000|  0%| F|  |TAMS 0x000000070b600000, 0x000000070b600000| Untracked 
|  67|0x000000070b800000, 0x000000070b800000, 0x000000070ba00000|  0%| F|  |TAMS 0x000000070b800000, 0x000000070b800000| Untracked 
|  68|0x000000070ba00000, 0x000000070ba00000, 0x000000070bc00000|  0%| F|  |TAMS 0x000000070ba00000, 0x000000070ba00000| Untracked 
|  69|0x000000070bc00000, 0x000000070bc00000, 0x000000070be00000|  0%| F|  |TAMS 0x000000070bc00000, 0x000000070bc00000| Untracked 
|  70|0x000000070be00000, 0x000000070be00000, 0x000000070c000000|  0%| F|  |TAMS 0x000000070be00000, 0x000000070be00000| Untracked 
|  71|0x000000070c000000, 0x000000070c000000, 0x000000070c200000|  0%| F|  |TAMS 0x000000070c000000, 0x000000070c000000| Untracked 
|  90|0x000000070e600000, 0x000000070e71c3f0, 0x000000070e800000| 55%| E|  |TAMS 0x000000070e600000, 0x000000070e600000| Complete 
|  91|0x000000070e800000, 0x000000070ea00000, 0x000000070ea00000|100%| E|CS|TAMS 0x000000070e800000, 0x000000070e800000| Complete 
|  92|0x000000070ea00000, 0x000000070ec00000, 0x000000070ec00000|100%| E|CS|TAMS 0x000000070ea00000, 0x000000070ea00000| Complete 
|  93|0x000000070ec00000, 0x000000070ee00000, 0x000000070ee00000|100%| E|CS|TAMS 0x000000070ec00000, 0x000000070ec00000| Complete 
| 126|0x0000000712e00000, 0x0000000713000000, 0x0000000713000000|100%| E|CS|TAMS 0x0000000712e00000, 0x0000000712e00000| Complete 

Card table byte_map: [0x0000020d79b60000,0x0000020d7a350000] _byte_map_base: 0x0000020d76347000

Marking Bits (Prev, Next): (CMBitMap*) 0x0000020d71803530, (CMBitMap*) 0x0000020d718034f0
 Prev Bits: [0x0000020d0f000000, 0x0000020d12f38000)
 Next Bits: [0x0000020d7ab40000, 0x0000020d7ea78000)

Polling page: 0x0000020d6f6e0000

Metaspace:

Usage:
  Non-class:     26.67 MB used.
      Class:      3.89 MB used.
       Both:     30.56 MB used.

Virtual space:
  Non-class space:       64.00 MB reserved,      26.94 MB ( 42%) committed,  1 nodes.
      Class space:        1.00 GB reserved,       4.06 MB ( <1%) committed,  1 nodes.
             Both:        1.06 GB reserved,      31.00 MB (  3%) committed. 

Chunk freelists:
   Non-Class:  5.05 MB
       Class:  11.83 MB
        Both:  16.88 MB

MaxMetaspaceSize: unlimited
CompressedClassSpaceSize: 1.00 GB
Initial GC threshold: 21.00 MB
Current GC threshold: 35.25 MB
CDS: on
MetaspaceReclaimPolicy: balanced
 - commit_granule_bytes: 65536.
 - commit_granule_words: 8192.
 - virtual_space_node_default_size: 8388608.
 - enlarge_chunks_in_place: 1.
 - new_chunks_are_fully_committed: 0.
 - uncommit_free_chunks: 1.
 - use_allocation_guard: 0.
 - handle_deallocations: 1.


Internal statistics:

num_allocs_failed_limit: 3.
num_arena_births: 584.
num_arena_deaths: 0.
num_vsnodes_births: 2.
num_vsnodes_deaths: 0.
num_space_committed: 496.
num_space_uncommitted: 0.
num_chunks_returned_to_freelist: 3.
num_chunks_taken_from_freelist: 1727.
num_chunk_merges: 3.
num_chunk_splits: 1175.
num_chunks_enlarged: 854.
num_inconsistent_stats: 0.

CodeHeap 'non-profiled nmethods': size=120000Kb used=2477Kb max_used=2477Kb free=117522Kb
 bounds [0x0000020d07ad0000, 0x0000020d07d40000, 0x0000020d0f000000]
CodeHeap 'profiled nmethods': size=120000Kb used=8412Kb max_used=8412Kb free=111587Kb
 bounds [0x0000020d00000000, 0x0000020d00840000, 0x0000020d07530000]
CodeHeap 'non-nmethods': size=5760Kb used=1256Kb max_used=1294Kb free=4503Kb
 bounds [0x0000020d07530000, 0x0000020d077a0000, 0x0000020d07ad0000]
 total_blobs=4560 nmethods=4007 adapters=464
 compilation: enabled
              stopped_count=0, restarted_count=0
 full_count=0

Compilation events (20 events):
Event: 16.750 Thread 0x0000020d56249780 nmethod 3951 0x0000020d07d36790 code [0x0000020d07d36900, 0x0000020d07d36978]
Event: 16.751 Thread 0x0000020d56038f60 nmethod 3952 0x0000020d00816510 code [0x0000020d00816720, 0x0000020d00816e78]
Event: 16.751 Thread 0x0000020d56038f60 3947       3       org.thymeleaf.util.ProcessorComparators$ProcessorPrecedenceComparator::compare (13 bytes)
Event: 16.751 Thread 0x0000020d56038f60 nmethod 3947 0x0000020d00817110 code [0x0000020d008172c0, 0x0000020d00817628]
Event: 16.751 Thread 0x0000020d56038f60 3953       3       java.util.EnumMap::unmaskNull (13 bytes)
Event: 16.751 Thread 0x0000020d56038f60 nmethod 3953 0x0000020d00817710 code [0x0000020d008178a0, 0x0000020d00817a18]
Event: 16.751 Thread 0x0000020d56249780 3954       4       org.thymeleaf.util.ProcessorComparators$ProcessorPrecedenceComparator::compare (13 bytes)
Event: 16.751 Thread 0x0000020d56038f60 3958       1       org.thymeleaf.processor.AbstractProcessor::getTemplateMode (5 bytes)
Event: 16.751 Thread 0x0000020d56038f60 nmethod 3958 0x0000020d07d36a90 code [0x0000020d07d36c20, 0x0000020d07d36cf8]
Event: 16.751 Thread 0x0000020d56038f60 3959       3       java.util.TimSort::sort (229 bytes)
Event: 16.751 Thread 0x0000020d56038f60 nmethod 3959 0x0000020d00817a90 code [0x0000020d00817ce0, 0x0000020d008183f8]
Event: 16.751 Thread 0x0000020d56038f60 3960       1       org.thymeleaf.dialect.AbstractProcessorDialect::getDialectProcessorPrecedence (5 bytes)
Event: 16.751 Thread 0x0000020d56038f60 nmethod 3960 0x0000020d07d36d90 code [0x0000020d07d36f20, 0x0000020d07d36ff8]
Event: 16.751 Thread 0x0000020d56038f60 3961       3       java.util.EnumMap::get (29 bytes)
Event: 16.751 Thread 0x0000020d56038f60 nmethod 3961 0x0000020d00818790 code [0x0000020d00818960, 0x0000020d00818d48]
Event: 16.752 Thread 0x0000020d56038f60 3962       3       java.util.TimSort::mergeCollapse (134 bytes)
Event: 16.753 Thread 0x0000020d56038f60 nmethod 3962 0x0000020d00818e90 code [0x0000020d00819060, 0x0000020d008195a8]
Event: 16.754 Thread 0x0000020d56038f60 3963       3       java.util.Collections::sort (8 bytes)
Event: 16.754 Thread 0x0000020d56038f60 nmethod 3963 0x0000020d00819810 code [0x0000020d008199c0, 0x0000020d00819b68]
Event: 16.754 Thread 0x0000020d56038f60 3966       3       java.util.TimSort::binarySort (223 bytes)

GC Heap History (12 events):
Event: 0.418 GC heap before
{Heap before GC invocations=0 (full 0):
 garbage-first heap   total 260096K, used 22528K [0x0000000703200000, 0x0000000800000000)
  region size 2048K, 11 young (22528K), 0 survivors (0K)
 Metaspace       used 5672K, committed 5824K, reserved 1114112K
  class space    used 666K, committed 768K, reserved 1048576K
}
Event: 0.421 GC heap after
{Heap after GC invocations=1 (full 0):
 garbage-first heap   total 260096K, used 4308K [0x0000000703200000, 0x0000000800000000)
  region size 2048K, 2 young (4096K), 2 survivors (4096K)
 Metaspace       used 5672K, committed 5824K, reserved 1114112K
  class space    used 666K, committed 768K, reserved 1048576K
}
Event: 0.706 GC heap before
{Heap before GC invocations=1 (full 0):
 garbage-first heap   total 260096K, used 28884K [0x0000000703200000, 0x0000000800000000)
  region size 2048K, 15 young (30720K), 2 survivors (4096K)
 Metaspace       used 11253K, committed 11520K, reserved 1114112K
  class space    used 1367K, committed 1472K, reserved 1048576K
}
Event: 0.709 GC heap after
{Heap after GC invocations=2 (full 0):
 garbage-first heap   total 260096K, used 6616K [0x0000000703200000, 0x0000000800000000)
  region size 2048K, 2 young (4096K), 2 survivors (4096K)
 Metaspace       used 11253K, committed 11520K, reserved 1114112K
  class space    used 1367K, committed 1472K, reserved 1048576K
}
Event: 1.526 GC heap before
{Heap before GC invocations=2 (full 0):
 garbage-first heap   total 260096K, used 68056K [0x0000000703200000, 0x0000000800000000)
  region size 2048K, 33 young (67584K), 2 survivors (4096K)
 Metaspace       used 21145K, committed 21504K, reserved 1114112K
  class space    used 2618K, committed 2752K, reserved 1048576K
}
Event: 1.529 GC heap after
{Heap after GC invocations=3 (full 0):
 garbage-first heap   total 260096K, used 10583K [0x0000000703200000, 0x0000000800000000)
  region size 2048K, 4 young (8192K), 4 survivors (8192K)
 Metaspace       used 21145K, committed 21504K, reserved 1114112K
  class space    used 2618K, committed 2752K, reserved 1048576K
}
Event: 1.940 GC heap before
{Heap before GC invocations=4 (full 0):
 garbage-first heap   total 55296K, used 35159K [0x0000000703200000, 0x0000000800000000)
  region size 2048K, 16 young (32768K), 4 survivors (8192K)
 Metaspace       used 25457K, committed 25856K, reserved 1114112K
  class space    used 3204K, committed 3392K, reserved 1048576K
}
Event: 1.944 GC heap after
{Heap after GC invocations=5 (full 0):
 garbage-first heap   total 55296K, used 12779K [0x0000000703200000, 0x0000000800000000)
  region size 2048K, 2 young (4096K), 2 survivors (4096K)
 Metaspace       used 25457K, committed 25856K, reserved 1114112K
  class space    used 3204K, committed 3392K, reserved 1048576K
}
Event: 1.980 GC heap before
{Heap before GC invocations=5 (full 0):
 garbage-first heap   total 55296K, used 14827K [0x0000000703200000, 0x0000000800000000)
  region size 2048K, 3 young (6144K), 2 survivors (4096K)
 Metaspace       used 25705K, committed 26176K, reserved 1114112K
  class space    used 3239K, committed 3456K, reserved 1048576K
}
Event: 1.982 GC heap after
{Heap after GC invocations=6 (full 0):
 garbage-first heap   total 55296K, used 13000K [0x0000000703200000, 0x0000000800000000)
  region size 2048K, 1 young (2048K), 1 survivors (2048K)
 Metaspace       used 25705K, committed 26176K, reserved 1114112K
  class space    used 3239K, committed 3456K, reserved 1048576K
}
Event: 16.636 GC heap before
{Heap before GC invocations=6 (full 0):
 garbage-first heap   total 55296K, used 35528K [0x0000000703200000, 0x0000000800000000)
  region size 2048K, 12 young (24576K), 1 survivors (2048K)
 Metaspace       used 29420K, committed 29824K, reserved 1114112K
  class space    used 3726K, committed 3904K, reserved 1048576K
}
Event: 16.640 GC heap after
{Heap after GC invocations=7 (full 0):
 garbage-first heap   total 157696K, used 14701K [0x0000000703200000, 0x0000000800000000)
  region size 2048K, 2 young (4096K), 2 survivors (4096K)
 Metaspace       used 29420K, committed 29824K, reserved 1114112K
  class space    used 3726K, committed 3904K, reserved 1048576K
}

Deoptimization events (20 events):
Event: 2.200 Thread 0x0000020d56879420 DEOPT PACKING pc=0x0000020d07ce347c sp=0x0000008626cfc690
Event: 2.200 Thread 0x0000020d56879420 DEOPT UNPACKING pc=0x0000020d07585ba3 sp=0x0000008626cfc658 mode 2
Event: 2.251 Thread 0x0000020d56879420 Uncommon trap: trap_request=0xffffff45 fr.pc=0x0000020d07b398e0 relative=0x0000000000000060
Event: 2.251 Thread 0x0000020d56879420 Uncommon trap: reason=unstable_if action=reinterpret pc=0x0000020d07b398e0 method=org.springframework.util.ConcurrentReferenceHashMap$Segment.clear()V @ 7 c2
Event: 2.251 Thread 0x0000020d56879420 DEOPT PACKING pc=0x0000020d07b398e0 sp=0x0000008626cfe3b0
Event: 2.251 Thread 0x0000020d56879420 DEOPT UNPACKING pc=0x0000020d07585ba3 sp=0x0000008626cfe340 mode 2
Event: 2.287 Thread 0x0000020d56879420 DEOPT PACKING pc=0x0000020d002114a3 sp=0x0000008626cfca90
Event: 2.287 Thread 0x0000020d56879420 DEOPT UNPACKING pc=0x0000020d075866e3 sp=0x0000008626cfbf00 mode 0
Event: 2.288 Thread 0x0000020d56879420 Uncommon trap: trap_request=0xfffffff4 fr.pc=0x0000020d07ccfce8 relative=0x0000000000000068
Event: 2.288 Thread 0x0000020d56879420 Uncommon trap: reason=null_check action=make_not_entrant pc=0x0000020d07ccfce8 method=java.lang.Class.isAnnotation()Z @ 1 c2
Event: 2.288 Thread 0x0000020d56879420 DEOPT PACKING pc=0x0000020d07ccfce8 sp=0x0000008626cfd260
Event: 2.288 Thread 0x0000020d56879420 DEOPT UNPACKING pc=0x0000020d07585ba3 sp=0x0000008626cfd1f0 mode 2
Event: 12.435 Thread 0x0000020d5bfbcf70 DEOPT PACKING pc=0x0000020d007f1bce sp=0x00000086279fef30
Event: 12.435 Thread 0x0000020d5bfbcf70 DEOPT UNPACKING pc=0x0000020d075866e3 sp=0x00000086279fe3b8 mode 0
Event: 12.435 Thread 0x0000020d5bfbcf70 DEOPT PACKING pc=0x0000020d007f30f8 sp=0x00000086279fee90
Event: 12.435 Thread 0x0000020d5bfbcf70 DEOPT UNPACKING pc=0x0000020d075866e3 sp=0x00000086279fe360 mode 0
Event: 16.618 Thread 0x0000020d5db83c20 Uncommon trap: trap_request=0xffffffc6 fr.pc=0x0000020d07b4aa34 relative=0x00000000000007b4
Event: 16.618 Thread 0x0000020d5db83c20 Uncommon trap: reason=bimorphic_or_optimized_type_check action=maybe_recompile pc=0x0000020d07b4aa34 method=java.util.HashMap.putVal(ILjava/lang/Object;Ljava/lang/Object;ZZ)Ljava/lang/Object; @ 91 c2
Event: 16.618 Thread 0x0000020d5db83c20 DEOPT PACKING pc=0x0000020d07b4aa34 sp=0x00000086285fec30
Event: 16.618 Thread 0x0000020d5db83c20 DEOPT UNPACKING pc=0x0000020d07585ba3 sp=0x00000086285febf0 mode 2

Classes unloaded (0 events):
No events

Classes redefined (0 events):
No events

Internal exceptions (20 events):
Event: 1.608 Thread 0x0000020d56879420 Exception <a 'java/lang/NoSuchMethodError'{0x0000000705b0a300}: 'java.lang.Object java.lang.invoke.Invokers$Holder.linkToTargetMethod(java.lang.Object, java.lang.Object, int, java.lang.Object)'> (0x0000000705b0a300) 
thrown [s\open\src\hotspot\share\interpreter\linkResolver.cpp, line 759]
Event: 1.667 Thread 0x0000020d56879420 Exception <a 'java/lang/NoSuchMethodError'{0x00000007056b62a8}: 'java.lang.Object java.lang.invoke.DirectMethodHandle$Holder.invokeStaticInit(java.lang.Object, int, int, int, int)'> (0x00000007056b62a8) 
thrown [s\open\src\hotspot\share\interpreter\linkResolver.cpp, line 759]
Event: 1.724 Thread 0x0000020d56879420 Exception <a 'java/lang/NoSuchMethodError'{0x000000070578aad0}: 'java.lang.Object java.lang.invoke.DirectMethodHandle$Holder.invokeStaticInit(java.lang.Object, java.lang.Object, int, int, int, int)'> (0x000000070578aad0) 
thrown [s\open\src\hotspot\share\interpreter\linkResolver.cpp, line 759]
Event: 1.813 Thread 0x0000020d56879420 Exception <a 'sun/nio/fs/WindowsException'{0x0000000704e0bbe8}> (0x0000000704e0bbe8) 
thrown [s\open\src\hotspot\share\prims\jni.cpp, line 516]
Event: 1.814 Thread 0x0000020d56879420 Exception <a 'sun/nio/fs/WindowsException'{0x0000000704e11678}> (0x0000000704e11678) 
thrown [s\open\src\hotspot\share\prims\jni.cpp, line 516]
Event: 1.814 Thread 0x0000020d56879420 Exception <a 'sun/nio/fs/WindowsException'{0x0000000704e11d70}> (0x0000000704e11d70) 
thrown [s\open\src\hotspot\share\prims\jni.cpp, line 516]
Event: 1.835 Thread 0x0000020d56879420 Exception <a 'java/lang/NoSuchMethodError'{0x0000000704f7fcd8}: 'java.lang.Object java.lang.invoke.DirectMethodHandle$Holder.invokeSpecial(java.lang.Object, java.lang.Object, long, java.lang.Object, java.lang.Object, java.lang.Object, java.lang.Object, java.lang.Object, java.lang.Object)'> (0x0000000704f7fcd8) 
thrown [s\open\src\hotspot\share\interpreter\linkResolver.cpp, line 759]
Event: 1.836 Thread 0x0000020d56879420 Exception <a 'java/lang/NoSuchMethodError'{0x0000000704f84800}: 'java.lang.Object java.lang.invoke.DelegatingMethodHandle$Holder.reinvoke_L(java.lang.Object, long, java.lang.Object, java.lang.Object, java.lang.Object, java.lang.Object, java.lang.Object, java.lang.Object)'> (0x0000000704f84800) 
thrown [s\open\src\hotspot\share\interpreter\linkResolver.cpp, line 759]
Event: 1.860 Thread 0x0000020d56879420 Exception <a 'java/io/FileNotFoundException'{0x0000000704cf7008}> (0x0000000704cf7008) 
thrown [s\open\src\hotspot\share\prims\jni.cpp, line 516]
Event: 1.861 Thread 0x0000020d56879420 Exception <a 'java/io/FileNotFoundException'{0x0000000704cf8ee8}> (0x0000000704cf8ee8) 
thrown [s\open\src\hotspot\share\prims\jni.cpp, line 516]
Event: 1.875 Thread 0x0000020d56879420 Exception <a 'java/lang/NoSuchMethodError'{0x0000000704de6f60}: 'int java.lang.invoke.DirectMethodHandle$Holder.invokeInterface(java.lang.Object, java.lang.Object, java.lang.Object, java.lang.Object)'> (0x0000000704de6f60) 
thrown [s\open\src\hotspot\share\interpreter\linkResolver.cpp, line 759]
Event: 1.909 Thread 0x0000020d56879420 Exception <a 'java/lang/NoSuchMethodError'{0x0000000704be9a18}: 'long java.lang.invoke.DirectMethodHandle$Holder.invokeVirtual(java.lang.Object, java.lang.Object)'> (0x0000000704be9a18) 
thrown [s\open\src\hotspot\share\interpreter\linkResolver.cpp, line 759]
Event: 1.914 Thread 0x0000020d56879420 Exception <a 'java/io/FileNotFoundException'{0x0000000704820d50}> (0x0000000704820d50) 
thrown [s\open\src\hotspot\share\prims\jni.cpp, line 516]
Event: 2.078 Thread 0x0000020d56879420 Exception <a 'sun/nio/fs/WindowsException'{0x000000070e614ac8}> (0x000000070e614ac8) 
thrown [s\open\src\hotspot\share\prims\jni.cpp, line 516]
Event: 2.100 Thread 0x0000020d56879420 Exception <a 'java/lang/IncompatibleClassChangeError'{0x000000070e7be520}: Found class java.lang.Object, but interface was expected> (0x000000070e7be520) 
thrown [s\open\src\hotspot\share\interpreter\linkResolver.cpp, line 826]
Event: 2.120 Thread 0x0000020d56879420 Exception <a 'java/lang/NoSuchMethodError'{0x0000000705d01930}: 'void java.lang.invoke.DirectMethodHandle$Holder.invokeVirtual(java.lang.Object, java.lang.Object, long)'> (0x0000000705d01930) 
thrown [s\open\src\hotspot\share\interpreter\linkResolver.cpp, line 759]
Event: 2.169 Thread 0x0000020d56879420 Exception <a 'java/lang/NoSuchMethodError'{0x000000070583d738}: 'int java.lang.invoke.DirectMethodHandle$Holder.invokeStaticInit(java.lang.Object, java.lang.Object, java.lang.Object, java.lang.Object)'> (0x000000070583d738) 
thrown [s\open\src\hotspot\share\interpreter\linkResolver.cpp, line 759]
Event: 2.253 Thread 0x0000020d56879420 Exception <a 'java/lang/NoSuchMethodError'{0x000000070548e708}: 'java.lang.Object java.lang.invoke.DirectMethodHandle$Holder.newInvokeSpecial(java.lang.Object, java.lang.Object, int, java.lang.Object, java.lang.Object)'> (0x000000070548e708) 
thrown [s\open\src\hotspot\share\interpreter\linkResolver.cpp, line 759]
Event: 16.635 Thread 0x0000020d5bfbc040 Exception <a 'java/lang/NoSuchMethodError'{0x00000007051f1888}: 'java.lang.Object java.lang.invoke.DirectMethodHandle$Holder.invokeSpecial(java.lang.Object, java.lang.Object, java.lang.Object, java.lang.Object, java.lang.Object, long)'> (0x00000007051f1888) 
thrown [s\open\src\hotspot\share\interpreter\linkResolver.cpp, line 759]
Event: 16.635 Thread 0x0000020d5bfbc040 Exception <a 'java/lang/NoSuchMethodError'{0x00000007051f52c8}: 'java.lang.Object java.lang.invoke.Invokers$Holder.linkToTargetMethod(java.lang.Object, java.lang.Object, java.lang.Object, long, java.lang.Object)'> (0x00000007051f52c8) 
thrown [s\open\src\hotspot\share\interpreter\linkResolver.cpp, line 759]

VM Operations (20 events):
Event: 2.185 Executing VM operation: ICBufferFull
Event: 2.186 Executing VM operation: ICBufferFull done
Event: 3.198 Executing VM operation: Cleanup
Event: 3.198 Executing VM operation: Cleanup done
Event: 4.207 Executing VM operation: Cleanup
Event: 4.207 Executing VM operation: Cleanup done
Event: 5.210 Executing VM operation: Cleanup
Event: 5.210 Executing VM operation: Cleanup done
Event: 8.230 Executing VM operation: Cleanup
Event: 8.230 Executing VM operation: Cleanup done
Event: 16.636 Executing VM operation: G1CollectForAllocation
Event: 16.640 Executing VM operation: G1CollectForAllocation done
Event: 16.649 Executing VM operation: HandshakeAllThreads
Event: 16.649 Executing VM operation: HandshakeAllThreads done
Event: 16.692 Executing VM operation: HandshakeAllThreads
Event: 16.692 Executing VM operation: HandshakeAllThreads done
Event: 16.694 Executing VM operation: HandshakeAllThreads
Event: 16.694 Executing VM operation: HandshakeAllThreads done
Event: 16.701 Executing VM operation: HandshakeAllThreads
Event: 16.701 Executing VM operation: HandshakeAllThreads done

Events (20 events):
Event: 16.616 loading class sun/nio/ch/OptionKey done
Event: 16.617 loading class sun/nio/ch/SelectionKeyImpl
Event: 16.617 loading class java/nio/channels/spi/AbstractSelectionKey
Event: 16.617 loading class java/nio/channels/SelectionKey
Event: 16.617 loading class java/nio/channels/SelectionKey done
Event: 16.617 loading class java/nio/channels/spi/AbstractSelectionKey done
Event: 16.617 loading class sun/nio/ch/SelectionKeyImpl done
Event: 16.617 loading class java/lang/invoke/ConstantBootstraps
Event: 16.617 loading class java/lang/invoke/ConstantBootstraps done
Event: 16.642 loading class sun/nio/cs/ThreadLocalCoders
Event: 16.642 loading class sun/nio/cs/ThreadLocalCoders done
Event: 16.642 loading class sun/nio/cs/ThreadLocalCoders$1
Event: 16.642 loading class sun/nio/cs/ThreadLocalCoders$Cache
Event: 16.642 loading class sun/nio/cs/ThreadLocalCoders$Cache done
Event: 16.642 loading class sun/nio/cs/ThreadLocalCoders$1 done
Event: 16.642 loading class sun/nio/cs/ThreadLocalCoders$2
Event: 16.642 loading class sun/nio/cs/ThreadLocalCoders$2 done
Event: 16.690 Thread 0x0000020d56249780 Thread added: 0x0000020d56249780
Event: 16.716 loading class java/util/concurrent/locks/ReentrantReadWriteLock$FairSync
Event: 16.716 loading class java/util/concurrent/locks/ReentrantReadWriteLock$FairSync done


Dynamic libraries:
0x00007ff6880e0000 - 0x00007ff6880f0000 	C:\Program Files\Java\jdk-17\bin\java.exe
0x00007ffce35b0000 - 0x00007ffce37a8000 	C:\Windows\SYSTEM32\ntdll.dll
0x00007ffc9afe0000 - 0x00007ffc9affa000 	C:\Program Files\Avast Software\Avast\aswhook.dll
0x00007ffce2a90000 - 0x00007ffce2b52000 	C:\Windows\System32\KERNEL32.DLL
0x00007ffce0e80000 - 0x00007ffce117e000 	C:\Windows\System32\KERNELBASE.dll
0x00007ffce1180000 - 0x00007ffce1280000 	C:\Windows\System32\ucrtbase.dll
0x00007ffcd9680000 - 0x00007ffcd969b000 	C:\Program Files\Java\jdk-17\bin\VCRUNTIME140.dll
0x00007ffcc8390000 - 0x00007ffcc83a9000 	C:\Program Files\Java\jdk-17\bin\jli.dll
0x00007ffce32e0000 - 0x00007ffce3392000 	C:\Windows\System32\ADVAPI32.dll
0x00007ffce24e0000 - 0x00007ffce257e000 	C:\Windows\System32\msvcrt.dll
0x00007ffce15d0000 - 0x00007ffce1670000 	C:\Windows\System32\sechost.dll
0x00007ffce2580000 - 0x00007ffce26a3000 	C:\Windows\System32\RPCRT4.dll
0x00007ffce0c50000 - 0x00007ffce0c77000 	C:\Windows\System32\bcrypt.dll
0x00007ffce28f0000 - 0x00007ffce2a8d000 	C:\Windows\System32\USER32.dll
0x00007ffce14f0000 - 0x00007ffce1512000 	C:\Windows\System32\win32u.dll
0x00007ffce2760000 - 0x00007ffce278b000 	C:\Windows\System32\GDI32.dll
0x00007ffce0d60000 - 0x00007ffce0e77000 	C:\Windows\System32\gdi32full.dll
0x00007ffcbda10000 - 0x00007ffcbdcaa000 	C:\Windows\WinSxS\amd64_microsoft.windows.common-controls_6595b64144ccf1df_6.0.19041.4355_none_60b8b9eb71f62e16\COMCTL32.dll
0x00007ffce12f0000 - 0x00007ffce138d000 	C:\Windows\System32\msvcp_win.dll
0x00007ffcd4460000 - 0x00007ffcd446a000 	C:\Windows\SYSTEM32\VERSION.dll
0x00007ffce1b90000 - 0x00007ffce1bbf000 	C:\Windows\System32\IMM32.DLL
0x00007ffcdbdc0000 - 0x00007ffcdbdcc000 	C:\Program Files\Java\jdk-17\bin\vcruntime140_1.dll
0x00007ffca2440000 - 0x00007ffca24ce000 	C:\Program Files\Java\jdk-17\bin\msvcp140.dll
0x00007ffc5deb0000 - 0x00007ffc5ea8f000 	C:\Program Files\Java\jdk-17\bin\server\jvm.dll
0x00007ffce2b60000 - 0x00007ffce2b68000 	C:\Windows\System32\PSAPI.DLL
0x00007ffccc780000 - 0x00007ffccc789000 	C:\Windows\SYSTEM32\WSOCK32.dll
0x00007ffcde0b0000 - 0x00007ffcde0d7000 	C:\Windows\SYSTEM32\WINMM.dll
0x00007ffce27f0000 - 0x00007ffce285b000 	C:\Windows\System32\WS2_32.dll
0x00007ffcdf430000 - 0x00007ffcdf442000 	C:\Windows\SYSTEM32\kernel.appcore.dll
0x00007ffcd9670000 - 0x00007ffcd967a000 	C:\Program Files\Java\jdk-17\bin\jimage.dll
0x00007ffcdf0c0000 - 0x00007ffcdf2a4000 	C:\Windows\SYSTEM32\DBGHELP.DLL
0x00007ffcdde20000 - 0x00007ffcdde54000 	C:\Windows\SYSTEM32\dbgcore.DLL
0x00007ffce0c80000 - 0x00007ffce0d02000 	C:\Windows\System32\bcryptPrimitives.dll
0x00007ffcc2720000 - 0x00007ffcc2745000 	C:\Program Files\Java\jdk-17\bin\java.dll
0x00007ffca2360000 - 0x00007ffca2437000 	C:\Program Files\Java\jdk-17\bin\jsvml.dll
0x00007ffce2b70000 - 0x00007ffce32df000 	C:\Windows\System32\SHELL32.dll
0x00007ffcde910000 - 0x00007ffcdf0b4000 	C:\Windows\SYSTEM32\windows.storage.dll
0x00007ffce1cb0000 - 0x00007ffce2003000 	C:\Windows\System32\combase.dll
0x00007ffce0680000 - 0x00007ffce06ae000 	C:\Windows\SYSTEM32\Wldp.dll
0x00007ffce1a60000 - 0x00007ffce1b2d000 	C:\Windows\System32\OLEAUT32.dll
0x00007ffce26b0000 - 0x00007ffce275d000 	C:\Windows\System32\SHCORE.dll
0x00007ffce2010000 - 0x00007ffce2065000 	C:\Windows\System32\shlwapi.dll
0x00007ffce0b80000 - 0x00007ffce0ba4000 	C:\Windows\SYSTEM32\profapi.dll
0x00007ffcc46b0000 - 0x00007ffcc46c9000 	C:\Program Files\Java\jdk-17\bin\net.dll
0x00007ffcdcaa0000 - 0x00007ffcdcbad000 	C:\Windows\SYSTEM32\WINHTTP.dll
0x00007ffce03e0000 - 0x00007ffce044a000 	C:\Windows\system32\mswsock.dll
0x00007ffcbf9d0000 - 0x00007ffcbf9e6000 	C:\Program Files\Java\jdk-17\bin\nio.dll
0x00007ffcc7fe0000 - 0x00007ffcc7ff8000 	C:\Program Files\Java\jdk-17\bin\zip.dll
0x00007ffcbe010000 - 0x00007ffcbe01a000 	C:\Program Files\Java\jdk-17\bin\management.dll
0x00007ffcbe000000 - 0x00007ffcbe00b000 	C:\Program Files\Java\jdk-17\bin\management_ext.dll
0x00007ffcbdd10000 - 0x00007ffcbdd1e000 	C:\Program Files\Java\jdk-17\bin\sunmscapi.dll
0x00007ffce1390000 - 0x00007ffce14ec000 	C:\Windows\System32\CRYPT32.dll
0x00007ffce06f0000 - 0x00007ffce0717000 	C:\Windows\SYSTEM32\ncrypt.dll
0x00007ffce06b0000 - 0x00007ffce06eb000 	C:\Windows\SYSTEM32\NTASN1.dll
0x00007ffce05d0000 - 0x00007ffce05e8000 	C:\Windows\SYSTEM32\CRYPTSP.dll
0x00007ffcdfc50000 - 0x00007ffcdfc84000 	C:\Windows\system32\rsaenh.dll
0x00007ffce0b00000 - 0x00007ffce0b2e000 	C:\Windows\SYSTEM32\USERENV.dll
0x00007ffce05f0000 - 0x00007ffce05fc000 	C:\Windows\SYSTEM32\CRYPTBASE.dll
0x00007ffce0050000 - 0x00007ffce008b000 	C:\Windows\SYSTEM32\IPHLPAPI.DLL
0x00007ffce28e0000 - 0x00007ffce28e8000 	C:\Windows\System32\NSI.dll
0x00007ffcd44a0000 - 0x00007ffcd44b7000 	C:\Windows\SYSTEM32\dhcpcsvc6.DLL
0x00007ffcd4b50000 - 0x00007ffcd4b6d000 	C:\Windows\SYSTEM32\dhcpcsvc.DLL
0x00007ffce00a0000 - 0x00007ffce016a000 	C:\Windows\SYSTEM32\DNSAPI.dll
0x00007ffcc0d20000 - 0x00007ffcc0d27000 	C:\Windows\system32\wshunix.dll

dbghelp: loaded successfully - version: 4.0.5 - missing functions: none
symbol engine: initialized successfully - sym options: 0x614 - pdb path: .;C:\Program Files\Java\jdk-17\bin;C:\Windows\SYSTEM32;C:\Program Files\Avast Software\Avast;C:\Windows\WinSxS\amd64_microsoft.windows.common-controls_6595b64144ccf1df_6.0.19041.4355_none_60b8b9eb71f62e16;C:\Program Files\Java\jdk-17\bin\server

VM Arguments:
jvm_args: -Dfile.encoding=UTF-8 -Duser.country=KR -Duser.language=ko -Duser.variant 
java_command: com.acorn.restapiSample.RestapiSampleApplication
java_class_path (initial): C:\Users\jooyeon\Documents\2024_2_cloud\스프링부트\bootws2\restapiSample\build\classes\java\main;C:\Users\jooyeon\Documents\2024_2_cloud\스프링부트\bootws2\restapiSample\build\resources\main;C:\Users\jooyeon\.gradle\caches\modules-2\files-2.1\org.springframework.boot\spring-boot-devtools\3.3.5\359da61f9d19893ff76a324a39a2ac43dec2887f\spring-boot-devtools-3.3.5.jar;C:\Users\jooyeon\.gradle\caches\modules-2\files-2.1\org.springframework.boot\spring-boot-starter-thymeleaf\3.3.5\5fa47cb90c1ff87b9273fcf01b56bff77810077e\spring-boot-starter-thymeleaf-3.3.5.jar;C:\Users\jooyeon\.gradle\caches\modules-2\files-2.1\org.springframework.boot\spring-boot-starter-web\3.3.5\51cc6cd5fb15f4eecfadea4ac689ed290e65c2cc\spring-boot-starter-web-3.3.5.jar;C:\Users\jooyeon\.gradle\caches\modules-2\files-2.1\org.springframework.boot\spring-boot-starter-json\3.3.5\a92dd0bc808c9de278bc62bc37db4e409027657a\spring-boot-starter-json-3.3.5.jar;C:\Users\jooyeon\.gradle\caches\modules-2\files-2.1\org.springframework.boot\spring-boot-starter\3.3.5\16b7a9acf1918a8f763e871ada3794e9ffd4a980\spring-boot-starter-3.3.5.jar;C:\Users\jooyeon\.gradle\caches\modules-2\files-2.1\org.springframework.boot\spring-boot-autoconfigure\3.3.5\1efbbd46eeef054986796200313f4bb0d53a7268\spring-boot-autoconfigure-3.3.5.jar;C:\Users\jooyeon\.gradle\caches\modules-2\files-2.1\org.springframework.boot\spring-boot\3.3.5\1a0d1dc425d445503bd01c9aa3683aaebc524e3b\spring-boot-3.3.5.jar;C:\Users\jooyeon\.gradle\caches\modules-2\files-2.1\org.thymeleaf\thymeleaf-spring6\3.1.2.RELEASE\6030c7b4e260c41336f378e53da6e8531263f24b\thymeleaf-spring6-3.1.2.RELEASE.jar;C:\Users\jooyeon\.gradle\caches\modules-2\files-2.1\org.springframework.boot\spring-boot-starter-tomcat\3.3.5\9fcf404e2efc06612af0c194e6d4f4162c6aac24\spring-boot-starter-tomcat-3.3.5.jar;C:\Users\jooyeon\.gradle\caches\modules-2\files-2.1\org.springframework\spring-webmvc\6.1.14\804478303aac6f91ea566efd4fef3dc06380528a\spring-webmvc-6.1.14.jar;C:\U
Launcher Type: SUN_STANDARD

[Global flags]
     intx CICompilerCount                          = 4                                         {product} {ergonomic}
     uint ConcGCThreads                            = 2                                         {product} {ergonomic}
     uint G1ConcRefinementThreads                  = 8                                         {product} {ergonomic}
   size_t G1HeapRegionSize                         = 2097152                                   {product} {ergonomic}
    uintx GCDrainStackTargetSize                   = 64                                        {product} {ergonomic}
   size_t InitialHeapSize                          = 266338304                                 {product} {ergonomic}
   size_t MarkStackSize                            = 4194304                                   {product} {ergonomic}
   size_t MaxHeapSize                              = 4242538496                                {product} {ergonomic}
   size_t MaxNewSize                               = 2543845376                                {product} {ergonomic}
   size_t MinHeapDeltaBytes                        = 2097152                                   {product} {ergonomic}
   size_t MinHeapSize                              = 8388608                                   {product} {ergonomic}
    uintx NonNMethodCodeHeapSize                   = 5839372                                {pd product} {ergonomic}
    uintx NonProfiledCodeHeapSize                  = 122909434                              {pd product} {ergonomic}
    uintx ProfiledCodeHeapSize                     = 122909434                              {pd product} {ergonomic}
    uintx ReservedCodeCacheSize                    = 251658240                              {pd product} {ergonomic}
     bool SegmentedCodeCache                       = true                                      {product} {ergonomic}
   size_t SoftMaxHeapSize                          = 4242538496                             {manageable} {ergonomic}
     bool UseCompressedClassPointers               = true                           {product lp64_product} {ergonomic}
     bool UseCompressedOops                        = true                           {product lp64_product} {ergonomic}
     bool UseG1GC                                  = true                                      {product} {ergonomic}
     bool UseLargePagesIndividualAllocation        = false                                  {pd product} {ergonomic}

Logging:
Log output configuration:
 #0: stdout all=warning uptime,level,tags
 #1: stderr all=off uptime,level,tags

Environment Variables:
JAVA_HOME=C:\Program Files\Java\jdk-17
PATH=C:\Program Files\Java\jdk-17\bin;C:\Users\jooyeon\Documents\2024_수업준비\tools\apache-tomcat-9.0.86-windows-x64\bin;C:\oracle\WINDOWS.X64_193000_db_home\bin;C:\Windows\system32;C:\Windows;C:\Windows\System32\Wbem;C:\Windows\System32\WindowsPowerShell\v1.0\;C:\Windows\System32\OpenSSH\;C:\Program Files (x86)\Google\Cloud SDK\google-cloud-sdk\bin;C:\ProgramData\chocolatey\bin;C:\Program Files\nodejs\;C:\Program Files\Docker\Docker\resources\bin;C:\Program Files\Common Files\Oracle\Java\javapath;C:\Program Files\Git\cmd;C:\Users\jooyeon\AppData\Local\Microsoft\WindowsApps;C:\Users\jooyeon\AppData\Local\Programs\Microsoft VS Code\bin;C:\Users\jooyeon\cloudnative2023;C:\Users\jooyeon\AppData\Roaming\npm
USERNAME=jooyeon
OS=Windows_NT
PROCESSOR_IDENTIFIER=Intel64 Family 6 Model 140 Stepping 1, GenuineIntel



---------------  S Y S T E M  ---------------

OS:
 Windows 10 , 64 bit Build 19041 (10.0.19041.4957)
OS uptime: 0 days 23:42 hours
Hyper-V role detected

CPU: total 8 (initial active 8) (4 cores per cpu, 2 threads per core) family 6 model 140 stepping 1 microcode 0x8a, cx8, cmov, fxsr, ht, mmx, 3dnowpref, sse, sse2, sse3, ssse3, sse4.1, sse4.2, popcnt, lzcnt, tsc, tscinvbit, avx, avx2, aes, erms, clmul, bmi1, bmi2, adx, avx512f, avx512dq, avx512cd, avx512bw, avx512vl, sha, fma, vzeroupper, avx512_vpopcntdq, avx512_vpclmulqdq, avx512_vaes, avx512_vnni, clflush, clflushopt, clwb, avx512_vbmi2, avx512_vbmi, hv

Memory: 4k page, system-wide physical 16183M (3997M free)
TotalPageFile size 16183M (AvailPageFile size 5M)
current process WorkingSet (physical memory assigned to process): 163M, peak: 203M
current process commit charge ("private bytes"): 312M, peak: 412M

vm_info: Java HotSpot(TM) 64-Bit Server VM (17.0.10+11-LTS-240) for windows-amd64 JRE (17.0.10+11-LTS-240), built on Dec 19 2023 21:47:25 by "mach5one" with MS VC++ 17.1 (VS2022)

END.
